Key not used: Boxes.Alerts.Title
Key not used: Boxes.Infobox.NewMessageArrived
Key not used: Boxes.Kits.ToggleButtonActive
Key not used: Boxes.Kits.ToggleButtonInActive
Key not used: Boxes.scoutingTimes.Warning
Key not used: Kits.Sets.Antiques_Dealer
Key not used: Kits.Sets.Cultural_Settlements
Key not used: Kits.Sets.Events
Key not used: Kits.Sets.FountainSet
Key not used: Kits.Sets.Royale_Garden_Set
Key not used: Kits.Sets.Guild_Battlegrounds
Key not used: Kits.Sets.Guild_Expeditions
Key not used: Kits.Sets.Obelisk
Key not used: Kits.Sets.Pirate
Key not used: Kits.Sets.Royal
Key not used: Kits.Sets.Specials
Key not used: Kits.Sets.Towers
Key not used: Kits.Sets.Trader
Key not used: Settings.Entry.SendGEXInfo
Key not used: Settings.Entry.SendGildMemberLGInfo
Key not used: Settings.Entry.ShowTavernBadge
Key not used: YYYYMMDD
Key not used: Boxes.Alerts.Title
Key not used: Boxes.Infobox.NewMessageArrived
Key not used: Boxes.Kits.ToggleButtonActive
Key not used: Boxes.Kits.ToggleButtonInActive
Key not used: Boxes.scoutingTimes.Warning
Key not used: Kits.Sets.Antiques_Dealer
Key not used: Kits.Sets.Cultural_Settlements
Key not used: Kits.Sets.Events
Key not used: Kits.Sets.FountainSet
Key not used: Kits.Sets.Guild_Battlegrounds
Key not used: Kits.Sets.Guild_Expeditions
Key not used: Kits.Sets.Obelisk
Key not used: Kits.Sets.Pirate
Key not used: Kits.Sets.Royal
Key not used: Kits.Sets.Royale_Garden_Set
Key not used: Kits.Sets.Specials
Key not used: Kits.Sets.Towers
Key not used: Kits.Sets.Trader
Key not used: Settings.Entry.SendGEXInfo
Key not used: Settings.Entry.SendGildMemberLGInfo
Key not used: Settings.Entry.ShowTavernBadge
Key not used: YYYYMMDD
